TN:
SF:app/api/health/route.ts
FN:23,getKV
FN:32,checkKV
FN:37,(anonymous_2)
FN:42,(anonymous_3)
FN:43,(anonymous_4)
FN:56,checkEnvVars
FN:64,GET
FNF:7
FNH:5
FNDA:4,getKV
FNDA:4,checkKV
FNDA:0,(anonymous_2)
FNDA:3,(anonymous_3)
FNDA:0,(anonymous_4)
FNDA:4,checkEnvVars
FNDA:4,GET
DA:11,1
DA:24,4
DA:25,4
DA:26,4
DA:28,1
DA:33,4
DA:35,3
DA:36,3
DA:37,3
DA:40,3
DA:43,3
DA:44,0
DA:49,2
DA:50,2
DA:52,1
DA:57,4
DA:58,4
DA:59,8
DA:61,2
DA:65,4
DA:66,4
DA:67,4
DA:70,4
DA:71,1
DA:72,3
DA:73,1
DA:75,2
DA:78,4
DA:88,4
DA:95,4
DA:97,4
LF:31
LH:30
BRDA:26,0,0,4
BRDA:26,0,1,0
BRDA:33,1,0,1
BRDA:33,1,1,3
BRDA:59,2,0,2
BRDA:59,2,1,6
BRDA:70,3,0,1
BRDA:70,3,1,3
BRDA:70,4,0,4
BRDA:70,4,1,2
BRDA:72,5,0,1
BRDA:72,5,1,2
BRDA:72,6,0,3
BRDA:72,6,1,2
BRDA:80,7,0,4
BRDA:80,7,1,0
BRDA:89,8,0,1
BRDA:89,8,1,3
BRDA:95,9,0,1
BRDA:95,9,1,3
BRDA:95,10,0,2
BRDA:95,10,1,1
BRF:22
BRH:20
end_of_record
TN:
SF:lib/env.ts
FN:14,requireEnv
FN:27,getEnv
FN:41,envExists
FNF:3
FNH:1
FNDA:0,requireEnv
FNDA:0,getEnv
FNDA:8,envExists
DA:15,0
DA:16,0
DA:17,0
DA:19,0
DA:28,0
DA:42,8
DA:43,8
LF:7
LH:2
BRDA:16,0,0,0
BRDA:16,0,1,0
BRDA:16,1,0,0
BRDA:16,1,1,0
BRDA:32,2,0,0
BRDA:32,2,1,0
BRDA:32,3,0,0
BRDA:32,3,1,0
BRDA:33,4,0,0
BRDA:33,4,1,0
BRDA:43,5,0,8
BRDA:43,5,1,6
BRF:12
BRH:2
end_of_record
TN:
SF:lib/memory-sanitizer.ts
FN:14,sanitizeMemories
FN:26,(anonymous_1)
FNF:2
FNH:2
FNDA:11,sanitizeMemories
FNDA:17,(anonymous_1)
DA:1,1
DA:8,1
DA:15,11
DA:18,11
DA:19,44
DA:24,11
DA:27,17
DA:28,17
DA:38,11
LF:9
LH:9
BRDA:29,0,0,17
BRDA:29,0,1,16
BRDA:29,0,2,15
BRDA:29,0,3,15
BRDA:29,0,4,14
BRF:5
BRH:5
end_of_record
TN:
SF:lib/model-router.ts
FN:26,selectGeminiModel
FN:30,(anonymous_1)
FN:47,estimateRequestCost
FNF:3
FNH:3
FNDA:5,selectGeminiModel
FNDA:6,(anonymous_1)
FNDA:5,estimateRequestCost
DA:11,1
DA:30,6
DA:31,5
DA:33,5
DA:34,5
DA:35,5
DA:37,5
DA:38,2
DA:41,3
DA:52,5
DA:53,5
DA:54,5
DA:55,5
LF:13
LH:13
BRDA:31,0,0,5
BRDA:31,0,1,0
BRDA:37,1,0,2
BRDA:37,1,1,3
BRDA:37,2,0,5
BRDA:37,2,1,4
BRDA:37,2,2,3
BRDA:52,3,0,5
BRDA:52,3,1,0
BRF:9
BRH:7
end_of_record
TN:
SF:lib/response-cache.ts
FN:6,djb2
FN:19,buildCacheKey
FN:33,getCachedResponse
FN:54,setCachedResponse
FN:82,isCacheableResponse
FN:92,isCacheable
FNF:6
FNH:4
FNDA:7,djb2
FNDA:8,buildCacheKey
FNDA:0,getCachedResponse
FNDA:0,setCachedResponse
FNDA:5,isCacheableResponse
FNDA:6,isCacheable
DA:1,1
DA:7,7
DA:8,7
DA:9,143
DA:11,7
DA:23,8
DA:24,8
DA:25,7
DA:26,7
DA:36,0
DA:37,0
DA:38,0
DA:39,0
DA:40,0
DA:41,0
DA:42,0
DA:44,0
DA:58,0
DA:59,0
DA:60,0
DA:61,0
DA:62,0
DA:63,0
DA:69,0
DA:75,1
DA:83,5
DA:84,4
DA:85,1
DA:93,6
DA:94,6
DA:95,5
LF:31
LH:16
BRDA:24,0,0,1
BRDA:24,0,1,7
BRDA:38,1,0,0
BRDA:38,1,1,0
BRDA:41,2,0,0
BRDA:41,2,1,0
BRDA:59,3,0,0
BRDA:59,3,1,0
BRDA:61,4,0,0
BRDA:61,4,1,0
BRDA:83,5,0,1
BRDA:83,5,1,4
BRDA:84,6,0,3
BRDA:84,6,1,1
BRDA:94,7,0,1
BRDA:94,7,1,5
BRF:16
BRH:8
end_of_record
TN:
SF:lib/token-counter.ts
FN:7,estimateTokens
FN:15,estimateRequestTokens
FN:41,truncateToTokenLimit
FN:50,(anonymous_3)
FNF:4
FNH:4
FNDA:304,estimateTokens
FNDA:2,estimateRequestTokens
FNDA:5,truncateToTokenLimit
FNDA:290,(anonymous_3)
DA:8,304
DA:20,2
DA:21,2
DA:22,2
DA:23,3
DA:25,2
DA:29,1
DA:45,5
DA:47,3
DA:49,3
DA:50,28
DA:51,290
DA:54,28
DA:56,28
DA:59,3
LF:15
LH:15
BRDA:45,0,0,2
BRDA:45,0,1,3
BRDA:54,1,0,0
BRDA:54,1,1,28
BRF:4
BRH:3
end_of_record
